Arguments: 
  /Users/hblkkato/.ndenv/versions/v9.10.1/bin/node /usr/local/Cellar/yarn/1.5.1_1/libexec/bin/yarn.js start

PATH: 
  /Users/hblkkato/.ndenv/versions/v9.10.1/bin:/Users/hblkkato/.ndenv/libexec:/Users/hblkkato/.ndenv/plugins/node-build/bin:/Users/hblkkato/.ndenv/shims:/Users/hblkkato/.ndenv/bin:/usr/local/bin:/usr/bin:/bin:/usr/sbin:/sbin

Yarn version: 
  1.5.1

Node version: 
  9.10.1

Platform: 
  darwin x64

npm manifest: 
  {
    "name": "react",
    "version": "1.0.0",
    "description": "",
    "main": "index.js",
    "scripts": {},
    "author": "",
    "license": "ISC",
    "devDependencies": {
      "babel-core": "^6.8.0",
      "babel-loader": "^6.2.4",
      "babel-preset-es2015": "^6.6.0",
      "babel-preset-react": "^6.5.0",
      "babel-preset-stage-0": "^6.5.0",
      "del": "^2.2.0",
      "gulp": "^3.9.1",
      "gulp-notify": "^2.2.0",
      "gulp-pleeease": "^2.0.2",
      "gulp-plumber": "^1.1.0",
      "gulp-sass": "^2.3.1",
      "gulp-uglify": "^1.5.3",
      "gulp-webserver": "^0.9.1",
      "run-sequence": "^1.1.5",
      "webpack": "^1.13.0",
      "webpack-dev-server": "^1.14.1",
      "webpack-stream": "^3.2.0"
    },
    "dependencies": {
      "google-map-react": "^0.22.3",
      "history": "^2.1.1",
      "jquery": "^3.1.1",
      "lodash": "^4.17.5",
      "react": "^15.0.2",
      "react-addons-css-transition-group": "^15.4.1",
      "react-dom": "^15.0.2",
      "react-modal": "^3.3.2",
      "react-router": "^2.4.0",
      "react-slick": "^0.14.5",
      "react.video": "^1.0.14"
    }
  }

yarn manifest: 
  No manifest

Lockfile: 
  No lockfile

Trace: 
  Error: Command "start" not found.
      at new MessageError (/usr/local/Cellar/yarn/1.5.1_1/libexec/lib/cli.js:186:110)
      at /usr/local/Cellar/yarn/1.5.1_1/libexec/lib/cli.js:87307:17
      at Generator.next (<anonymous>)
      at step (/usr/local/Cellar/yarn/1.5.1_1/libexec/lib/cli.js:98:30)
      at /usr/local/Cellar/yarn/1.5.1_1/libexec/lib/cli.js:116:14
      at new Promise (<anonymous>)
      at new F (/usr/local/Cellar/yarn/1.5.1_1/libexec/lib/cli.js:23451:28)
      at /usr/local/Cellar/yarn/1.5.1_1/libexec/lib/cli.js:95:12
      at runCommand (/usr/local/Cellar/yarn/1.5.1_1/libexec/lib/cli.js:87312:22)
      at Object.<anonymous> (/usr/local/Cellar/yarn/1.5.1_1/libexec/lib/cli.js:87412:14)
